<?xml version="1.0" encoding="UTF-8"?>
<testng-results ignored="0" total="3" passed="3" failed="0" skipped="0">
  <reporter-output>
  </reporter-output>
  <suite started-at="2022-01-07T09:33:46Z" name="Testing Google Apps" finished-at="2022-01-07T09:34:24Z" duration-ms="38223">
    <groups>
    </groups>
    <test started-at="2022-01-07T09:33:46Z" name="Regression" finished-at="2022-01-07T09:34:24Z" duration-ms="38223">
      <class name="Salesdesk.BuyingBook">
        <test-method signature="addBook()[pri:1, instance:Salesdesk.BuyingBook@55b0dcab]" started-at="2022-01-07T09:34:05Z" name="addBook" finished-at="2022-01-07T09:34:20Z" duration-ms="15634" status="PASS">
          <reporter-output>
          </reporter-output>
        </test-method> <!-- addBook -->
      </class> <!-- Salesdesk.BuyingBook -->
      <class name="Salesdesk.swagorder">
        <test-method signature="login()[pri:1, instance:Salesdesk.swagorder@38afe297]" started-at="2022-01-07T09:34:20Z" name="login" finished-at="2022-01-07T09:34:24Z" duration-ms="4030" status="PASS">
          <reporter-output>
          </reporter-output>
        </test-method> <!-- login -->
      </class> <!-- Salesdesk.swagorder -->
      <class name="Salesdesk.ApplyCoupunCode">
        <test-method signature="addBookToCart()[pri:1, instance:Salesdesk.ApplyCoupunCode@131ef10]" started-at="2022-01-07T09:33:46Z" name="addBookToCart" finished-at="2022-01-07T09:34:05Z" duration-ms="18539" status="PASS">
          <reporter-output>
          </reporter-output>
        </test-method> <!-- addBookToCart -->
      </class> <!-- Salesdesk.ApplyCoupunCode -->
    </test> <!-- Regression -->
  </suite> <!-- Testing Google Apps -->
</testng-results>
