<?xml version="1.0" encoding="UTF-8"?>
<testsuite xmlns:xsi="http://www.w3.org/2001/XMLSchema-instance" xsi:noNamespaceSchemaLocation="https://maven.apache.org/surefire/maven-surefire-plugin/xsd/surefire-test-report.xsd" name="TestSuite" time="38.575" tests="3" errors="0" skipped="0" failures="0">
  <properties>
[...]
</properties>
  <testcase name="addBookToCart" classname="Salesdesk.ApplyCoupunCode" time="18.542"/>
  <testcase name="addBook" classname="Salesdesk.BuyingBook" time="15.634"/>
  <testcase name="login" classname="Salesdesk.swagorder" time="4.03"/>
</testsuite>