<?xml version="1.0" encoding="UTF-8"?>
<!-- Generated by org.testng.reporters.JUnitXMLReporter -->
<testsuite ignored="0" hostname="CLAP2084" failures="0" tests="3" name="Regression" time="38.223" errors="0" timestamp="07 Jan 2022 09:34:24 GMT">
  <testcase classname="Salesdesk.ApplyCoupunCode" name="addBookToCart" time="18.539"/>
  <testcase classname="Salesdesk.BuyingBook" name="addBook" time="15.634"/>
  <testcase classname="Salesdesk.swagorder" name="login" time="4.03"/>
</testsuite> <!-- Regression -->
